2012-09-06 17:36:37,003 [pool-5-thread-1] ERROR StackTrace  - Full Stack Trace:
org.apache.camel.RuntimeCamelException: org.apache.camel.FailedToCreateRouteException: Failed to create route route1 at: >>> To[websocket:chat?sendToAll=true] <<< in route: Route[[From[seda:inboundChat]] -> [To[websocket:chat?sendToA... because of Failed to resolve endpoint: websocket://chat?sendToAll=true due to: No component found with scheme: websocket
	at org.apache.camel.util.ObjectHelper.wrapRuntimeCamelException(ObjectHelper.java:1221)
	at org.apache.camel.spring.SpringCamelContext.onApplicationEvent(SpringCamelContext.java:120)
	at org.apache.camel.spring.CamelContextFactoryBean.onApplicationEvent(CamelContextFactoryBean.java:240)
	at org.springframework.context.event.SimpleApplicationEventMulticaster.multicastEvent(SimpleApplicationEventMulticaster.java:97)
	at org.springframework.context.support.AbstractApplicationContext.publishEvent(AbstractApplicationContext.java:324)
	at org.springframework.context.support.AbstractApplicationContext.finishRefresh(AbstractApplicationContext.java:929)
	at org.springframework.context.support.AbstractApplicationContext.refresh(AbstractApplicationContext.java:467)
	at org.codehaus.groovy.grails.commons.spring.DefaultRuntimeSpringConfiguration.getApplicationContext(DefaultRuntimeSpringConfiguration.java:153)
	at org.codehaus.groovy.grails.commons.spring.GrailsRuntimeConfigurator.configure(GrailsRuntimeConfigurator.java:170)
	at org.codehaus.groovy.grails.commons.spring.GrailsRuntimeConfigurator.configure(GrailsRuntimeConfigurator.java:127)
	at org.codehaus.groovy.grails.web.context.GrailsConfigUtils.configureWebApplicationContext(GrailsConfigUtils.java:121)
	at org.codehaus.groovy.grails.web.context.GrailsContextLoader.initWebApplicationContext(GrailsContextLoader.java:104)
	at org.springframework.web.context.ContextLoaderListener.contextInitialized(ContextLoaderListener.java:111)
	at org.apache.catalina.core.StandardContext.listenerStart(StandardContext.java:4779)
	at org.apache.catalina.core.StandardContext.startInternal(StandardContext.java:5273)
	at org.apache.catalina.util.LifecycleBase.start(LifecycleBase.java:150)
	at org.apache.catalina.core.ContainerBase$StartChild.call(ContainerBase.java:1566)
	at org.apache.catalina.core.ContainerBase$StartChild.call(ContainerBase.java:1556)
	at java.util.concurrent.FutureTask$Sync.innerRun(FutureTask.java:303)
	at java.util.concurrent.FutureTask.run(FutureTask.java:138)
	at java.util.concurrent.ThreadPoolExecutor$Worker.runTask(ThreadPoolExecutor.java:886)
	at java.util.concurrent.ThreadPoolExecutor$Worker.run(ThreadPoolExecutor.java:908)
	at java.lang.Thread.run(Thread.java:662)
Caused by: org.apache.camel.FailedToCreateRouteException: Failed to create route route1 at: >>> To[websocket:chat?sendToAll=true] <<< in route: Route[[From[seda:inboundChat]] -> [To[websocket:chat?sendToA... because of Failed to resolve endpoint: websocket://chat?sendToAll=true due to: No component found with scheme: websocket
	at org.apache.camel.model.RouteDefinition.addRoutes(RouteDefinition.java:855)
	at org.apache.camel.model.RouteDefinition.addRoutes(RouteDefinition.java:168)
	at org.apache.camel.impl.DefaultCamelContext.startRoute(DefaultCamelContext.java:709)
	at org.apache.camel.impl.DefaultCamelContext.startRouteDefinitions(DefaultCamelContext.java:1733)
	at org.apache.camel.impl.DefaultCamelContext.doStartCamel(DefaultCamelContext.java:1525)
	at org.apache.camel.impl.DefaultCamelContext.doStart(DefaultCamelContext.java:1420)
	at org.apache.camel.spring.SpringCamelContext.doStart(SpringCamelContext.java:179)
	at org.apache.camel.support.ServiceSupport.start(ServiceSupport.java:60)
	at org.apache.camel.impl.DefaultCamelContext.start(DefaultCamelContext.java:1388)
	at org.apache.camel.spring.SpringCamelContext.maybeStart(SpringCamelContext.java:228)
	at org.apache.camel.spring.SpringCamelContext.onApplicationEvent(SpringCamelContext.java:118)
	... 21 more
Caused by: org.apache.camel.ResolveEndpointFailedException: Failed to resolve endpoint: websocket://chat?sendToAll=true due to: No component found with scheme: websocket
	at org.apache.camel.impl.DefaultCamelContext.getEndpoint(DefaultCamelContext.java:461)
	at org.apache.camel.util.CamelContextHelper.getMandatoryEndpoint(CamelContextHelper.java:48)
	at org.apache.camel.model.RouteDefinition.resolveEndpoint(RouteDefinition.java:183)
	at org.apache.camel.impl.DefaultRouteContext.resolveEndpoint(DefaultRouteContext.java:107)
	at org.apache.camel.impl.DefaultRouteContext.resolveEndpoint(DefaultRouteContext.java:113)
	at org.apache.camel.model.SendDefinition.resolveEndpoint(SendDefinition.java:61)
	at org.apache.camel.model.SendDefinition.createProcessor(SendDefinition.java:55)
	at org.apache.camel.model.ProcessorDefinition.makeProcessor(ProcessorDefinition.java:440)
	at org.apache.camel.model.ProcessorDefinition.addRoutes(ProcessorDefinition.java:178)
	at org.apache.camel.model.RouteDefinition.addRoutes(RouteDefinition.java:852)
	... 31 more
2012-09-06 17:36:37,008 [pool-5-thread-1] ERROR StackTrace  - Full Stack Trace:
org.apache.camel.FailedToCreateRouteException: Failed to create route route1 at: >>> To[websocket:chat?sendToAll=true] <<< in route: Route[[From[seda:inboundChat]] -> [To[websocket:chat?sendToA... because of Failed to resolve endpoint: websocket://chat?sendToAll=true due to: No component found with scheme: websocket
	at org.apache.camel.model.RouteDefinition.addRoutes(RouteDefinition.java:855)
	at org.apache.camel.model.RouteDefinition.addRoutes(RouteDefinition.java:168)
	at org.apache.camel.impl.DefaultCamelContext.startRoute(DefaultCamelContext.java:709)
	at org.apache.camel.impl.DefaultCamelContext.startRouteDefinitions(DefaultCamelContext.java:1733)
	at org.apache.camel.impl.DefaultCamelContext.doStartCamel(DefaultCamelContext.java:1525)
	at org.apache.camel.impl.DefaultCamelContext.doStart(DefaultCamelContext.java:1420)
	at org.apache.camel.spring.SpringCamelContext.doStart(SpringCamelContext.java:179)
	at org.apache.camel.support.ServiceSupport.start(ServiceSupport.java:60)
	at org.apache.camel.impl.DefaultCamelContext.start(DefaultCamelContext.java:1388)
	at org.apache.camel.spring.SpringCamelContext.maybeStart(SpringCamelContext.java:228)
	at org.apache.camel.spring.SpringCamelContext.onApplicationEvent(SpringCamelContext.java:118)
	at org.apache.camel.spring.CamelContextFactoryBean.onApplicationEvent(CamelContextFactoryBean.java:240)
	at org.springframework.context.event.SimpleApplicationEventMulticaster.multicastEvent(SimpleApplicationEventMulticaster.java:97)
	at org.springframework.context.support.AbstractApplicationContext.publishEvent(AbstractApplicationContext.java:324)
	at org.springframework.context.support.AbstractApplicationContext.finishRefresh(AbstractApplicationContext.java:929)
	at org.springframework.context.support.AbstractApplicationContext.refresh(AbstractApplicationContext.java:467)
	at org.codehaus.groovy.grails.commons.spring.DefaultRuntimeSpringConfiguration.getApplicationContext(DefaultRuntimeSpringConfiguration.java:153)
	at org.codehaus.groovy.grails.commons.spring.GrailsRuntimeConfigurator.configure(GrailsRuntimeConfigurator.java:170)
	at org.codehaus.groovy.grails.commons.spring.GrailsRuntimeConfigurator.configure(GrailsRuntimeConfigurator.java:127)
	at org.codehaus.groovy.grails.web.context.GrailsConfigUtils.configureWebApplicationContext(GrailsConfigUtils.java:121)
	at org.codehaus.groovy.grails.web.context.GrailsContextLoader.initWebApplicationContext(GrailsContextLoader.java:104)
	at org.springframework.web.context.ContextLoaderListener.contextInitialized(ContextLoaderListener.java:111)
	at org.apache.catalina.core.StandardContext.listenerStart(StandardContext.java:4779)
	at org.apache.catalina.core.StandardContext.startInternal(StandardContext.java:5273)
	at org.apache.catalina.util.LifecycleBase.start(LifecycleBase.java:150)
	at org.apache.catalina.core.ContainerBase$StartChild.call(ContainerBase.java:1566)
	at org.apache.catalina.core.ContainerBase$StartChild.call(ContainerBase.java:1556)
	at java.util.concurrent.FutureTask$Sync.innerRun(FutureTask.java:303)
	at java.util.concurrent.FutureTask.run(FutureTask.java:138)
	at java.util.concurrent.ThreadPoolExecutor$Worker.runTask(ThreadPoolExecutor.java:886)
	at java.util.concurrent.ThreadPoolExecutor$Worker.run(ThreadPoolExecutor.java:908)
	at java.lang.Thread.run(Thread.java:662)
Caused by: org.apache.camel.ResolveEndpointFailedException: Failed to resolve endpoint: websocket://chat?sendToAll=true due to: No component found with scheme: websocket
	at org.apache.camel.impl.DefaultCamelContext.getEndpoint(DefaultCamelContext.java:461)
	at org.apache.camel.util.CamelContextHelper.getMandatoryEndpoint(CamelContextHelper.java:48)
	at org.apache.camel.model.RouteDefinition.resolveEndpoint(RouteDefinition.java:183)
	at org.apache.camel.impl.DefaultRouteContext.resolveEndpoint(DefaultRouteContext.java:107)
	at org.apache.camel.impl.DefaultRouteContext.resolveEndpoint(DefaultRouteContext.java:113)
	at org.apache.camel.model.SendDefinition.resolveEndpoint(SendDefinition.java:61)
	at org.apache.camel.model.SendDefinition.createProcessor(SendDefinition.java:55)
	at org.apache.camel.model.ProcessorDefinition.makeProcessor(ProcessorDefinition.java:440)
	at org.apache.camel.model.ProcessorDefinition.addRoutes(ProcessorDefinition.java:178)
	at org.apache.camel.model.RouteDefinition.addRoutes(RouteDefinition.java:852)
	... 31 more
2012-09-06 17:36:37,009 [pool-5-thread-1] ERROR StackTrace  - Full Stack Trace:
org.apache.camel.ResolveEndpointFailedException: Failed to resolve endpoint: websocket://chat?sendToAll=true due to: No component found with scheme: websocket
	at org.apache.camel.impl.DefaultCamelContext.getEndpoint(DefaultCamelContext.java:461)
	at org.apache.camel.util.CamelContextHelper.getMandatoryEndpoint(CamelContextHelper.java:48)
	at org.apache.camel.model.RouteDefinition.resolveEndpoint(RouteDefinition.java:183)
	at org.apache.camel.impl.DefaultRouteContext.resolveEndpoint(DefaultRouteContext.java:107)
	at org.apache.camel.impl.DefaultRouteContext.resolveEndpoint(DefaultRouteContext.java:113)
	at org.apache.camel.model.SendDefinition.resolveEndpoint(SendDefinition.java:61)
	at org.apache.camel.model.SendDefinition.createProcessor(SendDefinition.java:55)
	at org.apache.camel.model.ProcessorDefinition.makeProcessor(ProcessorDefinition.java:440)
	at org.apache.camel.model.ProcessorDefinition.addRoutes(ProcessorDefinition.java:178)
	at org.apache.camel.model.RouteDefinition.addRoutes(RouteDefinition.java:852)
	at org.apache.camel.model.RouteDefinition.addRoutes(RouteDefinition.java:168)
	at org.apache.camel.impl.DefaultCamelContext.startRoute(DefaultCamelContext.java:709)
	at org.apache.camel.impl.DefaultCamelContext.startRouteDefinitions(DefaultCamelContext.java:1733)
	at org.apache.camel.impl.DefaultCamelContext.doStartCamel(DefaultCamelContext.java:1525)
	at org.apache.camel.impl.DefaultCamelContext.doStart(DefaultCamelContext.java:1420)
	at org.apache.camel.spring.SpringCamelContext.doStart(SpringCamelContext.java:179)
	at org.apache.camel.support.ServiceSupport.start(ServiceSupport.java:60)
	at org.apache.camel.impl.DefaultCamelContext.start(DefaultCamelContext.java:1388)
	at org.apache.camel.spring.SpringCamelContext.maybeStart(SpringCamelContext.java:228)
	at org.apache.camel.spring.SpringCamelContext.onApplicationEvent(SpringCamelContext.java:118)
	at org.apache.camel.spring.CamelContextFactoryBean.onApplicationEvent(CamelContextFactoryBean.java:240)
	at org.springframework.context.event.SimpleApplicationEventMulticaster.multicastEvent(SimpleApplicationEventMulticaster.java:97)
	at org.springframework.context.support.AbstractApplicationContext.publishEvent(AbstractApplicationContext.java:324)
	at org.springframework.context.support.AbstractApplicationContext.finishRefresh(AbstractApplicationContext.java:929)
	at org.springframework.context.support.AbstractApplicationContext.refresh(AbstractApplicationContext.java:467)
	at org.codehaus.groovy.grails.commons.spring.DefaultRuntimeSpringConfiguration.getApplicationContext(DefaultRuntimeSpringConfiguration.java:153)
	at org.codehaus.groovy.grails.commons.spring.GrailsRuntimeConfigurator.configure(GrailsRuntimeConfigurator.java:170)
	at org.codehaus.groovy.grails.commons.spring.GrailsRuntimeConfigurator.configure(GrailsRuntimeConfigurator.java:127)
	at org.codehaus.groovy.grails.web.context.GrailsConfigUtils.configureWebApplicationContext(GrailsConfigUtils.java:121)
	at org.codehaus.groovy.grails.web.context.GrailsContextLoader.initWebApplicationContext(GrailsContextLoader.java:104)
	at org.springframework.web.context.ContextLoaderListener.contextInitialized(ContextLoaderListener.java:111)
	at org.apache.catalina.core.StandardContext.listenerStart(StandardContext.java:4779)
	at org.apache.catalina.core.StandardContext.startInternal(StandardContext.java:5273)
	at org.apache.catalina.util.LifecycleBase.start(LifecycleBase.java:150)
	at org.apache.catalina.core.ContainerBase$StartChild.call(ContainerBase.java:1566)
	at org.apache.catalina.core.ContainerBase$StartChild.call(ContainerBase.java:1556)
	at java.util.concurrent.FutureTask$Sync.innerRun(FutureTask.java:303)
	at java.util.concurrent.FutureTask.run(FutureTask.java:138)
	at java.util.concurrent.ThreadPoolExecutor$Worker.runTask(ThreadPoolExecutor.java:886)
	at java.util.concurrent.ThreadPoolExecutor$Worker.run(ThreadPoolExecutor.java:908)
	at java.lang.Thread.run(Thread.java:662)
2012-09-06 17:36:37,009 [pool-5-thread-1] ERROR StackTrace  - Full Stack Trace:
org.apache.camel.RuntimeCamelException: org.apache.camel.FailedToCreateRouteException: Failed to create route route1 at: >>> To[websocket:chat?sendToAll=true] <<< in route: Route[[From[seda:inboundChat]] -> [To[websocket:chat?sendToA... because of Failed to resolve endpoint: websocket://chat?sendToAll=true due to: No component found with scheme: websocket
	at org.apache.camel.util.ObjectHelper.wrapRuntimeCamelException(ObjectHelper.java:1221)
	at org.apache.camel.spring.SpringCamelContext.onApplicationEvent(SpringCamelContext.java:120)
	at org.apache.camel.spring.CamelContextFactoryBean.onApplicationEvent(CamelContextFactoryBean.java:240)
	at java.util.concurrent.FutureTask$Sync.innerRun(FutureTask.java:303)
	at java.util.concurrent.FutureTask.run(FutureTask.java:138)
	at java.util.concurrent.ThreadPoolExecutor$Worker.runTask(ThreadPoolExecutor.java:886)
	at java.util.concurrent.ThreadPoolExecutor$Worker.run(ThreadPoolExecutor.java:908)
	at java.lang.Thread.run(Thread.java:662)
Caused by: org.apache.camel.FailedToCreateRouteException: Failed to create route route1 at: >>> To[websocket:chat?sendToAll=true] <<< in route: Route[[From[seda:inboundChat]] -> [To[websocket:chat?sendToA... because of Failed to resolve endpoint: websocket://chat?sendToAll=true due to: No component found with scheme: websocket
	at org.apache.camel.model.RouteDefinition.addRoutes(RouteDefinition.java:855)
	at org.apache.camel.model.RouteDefinition.addRoutes(RouteDefinition.java:168)
	at org.apache.camel.impl.DefaultCamelContext.startRoute(DefaultCamelContext.java:709)
	at org.apache.camel.impl.DefaultCamelContext.startRouteDefinitions(DefaultCamelContext.java:1733)
	at org.apache.camel.impl.DefaultCamelContext.doStartCamel(DefaultCamelContext.java:1525)
	at org.apache.camel.impl.DefaultCamelContext.doStart(DefaultCamelContext.java:1420)
	at org.apache.camel.spring.SpringCamelContext.doStart(SpringCamelContext.java:179)
	at org.apache.camel.support.ServiceSupport.start(ServiceSupport.java:60)
	at org.apache.camel.impl.DefaultCamelContext.start(DefaultCamelContext.java:1388)
	at org.apache.camel.spring.SpringCamelContext.maybeStart(SpringCamelContext.java:228)
	at org.apache.camel.spring.SpringCamelContext.onApplicationEvent(SpringCamelContext.java:118)
	... 6 more
Caused by: org.apache.camel.ResolveEndpointFailedException: Failed to resolve endpoint: websocket://chat?sendToAll=true due to: No component found with scheme: websocket
	at org.apache.camel.impl.DefaultCamelContext.getEndpoint(DefaultCamelContext.java:461)
	at org.apache.camel.util.CamelContextHelper.getMandatoryEndpoint(CamelContextHelper.java:48)
	at org.apache.camel.model.RouteDefinition.resolveEndpoint(RouteDefinition.java:183)
	at org.apache.camel.impl.DefaultRouteContext.resolveEndpoint(DefaultRouteContext.java:107)
	at org.apache.camel.impl.DefaultRouteContext.resolveEndpoint(DefaultRouteContext.java:113)
	at org.apache.camel.model.SendDefinition.resolveEndpoint(SendDefinition.java:61)
	at org.apache.camel.model.SendDefinition.createProcessor(SendDefinition.java:55)
	at org.apache.camel.model.ProcessorDefinition.makeProcessor(ProcessorDefinition.java:440)
	at org.apache.camel.model.ProcessorDefinition.addRoutes(ProcessorDefinition.java:178)
	at org.apache.camel.model.RouteDefinition.addRoutes(RouteDefinition.java:852)
	... 16 more
2012-09-06 17:36:37,009 [pool-5-thread-1] ERROR StackTrace  - Full Stack Trace:
org.apache.camel.RuntimeCamelException: org.apache.camel.FailedToCreateRouteException: Failed to create route route1 at: >>> To[websocket:chat?sendToAll=true] <<< in route: Route[[From[seda:inboundChat]] -> [To[websocket:chat?sendToA... because of Failed to resolve endpoint: websocket://chat?sendToAll=true due to: No component found with scheme: websocket
	at org.apache.camel.util.ObjectHelper.wrapRuntimeCamelException(ObjectHelper.java:1221)
	at org.apache.camel.spring.SpringCamelContext.onApplicationEvent(SpringCamelContext.java:120)
	at org.apache.camel.spring.CamelContextFactoryBean.onApplicationEvent(CamelContextFactoryBean.java:240)
	at java.util.concurrent.FutureTask$Sync.innerRun(FutureTask.java:303)
	at java.util.concurrent.FutureTask.run(FutureTask.java:138)
	at java.util.concurrent.ThreadPoolExecutor$Worker.runTask(ThreadPoolExecutor.java:886)
	at java.util.concurrent.ThreadPoolExecutor$Worker.run(ThreadPoolExecutor.java:908)
	at java.lang.Thread.run(Thread.java:662)
Caused by: org.apache.camel.FailedToCreateRouteException: Failed to create route route1 at: >>> To[websocket:chat?sendToAll=true] <<< in route: Route[[From[seda:inboundChat]] -> [To[websocket:chat?sendToA... because of Failed to resolve endpoint: websocket://chat?sendToAll=true due to: No component found with scheme: websocket
	at org.apache.camel.model.RouteDefinition.addRoutes(RouteDefinition.java:855)
	at org.apache.camel.model.RouteDefinition.addRoutes(RouteDefinition.java:168)
	at org.apache.camel.impl.DefaultCamelContext.startRoute(DefaultCamelContext.java:709)
	at org.apache.camel.impl.DefaultCamelContext.startRouteDefinitions(DefaultCamelContext.java:1733)
	at org.apache.camel.impl.DefaultCamelContext.doStartCamel(DefaultCamelContext.java:1525)
	at org.apache.camel.impl.DefaultCamelContext.doStart(DefaultCamelContext.java:1420)
	at org.apache.camel.spring.SpringCamelContext.doStart(SpringCamelContext.java:179)
	at org.apache.camel.support.ServiceSupport.start(ServiceSupport.java:60)
	at org.apache.camel.impl.DefaultCamelContext.start(DefaultCamelContext.java:1388)
	at org.apache.camel.spring.SpringCamelContext.maybeStart(SpringCamelContext.java:228)
	at org.apache.camel.spring.SpringCamelContext.onApplicationEvent(SpringCamelContext.java:118)
	... 6 more
Caused by: org.apache.camel.ResolveEndpointFailedException: Failed to resolve endpoint: websocket://chat?sendToAll=true due to: No component found with scheme: websocket
	at org.apache.camel.impl.DefaultCamelContext.getEndpoint(DefaultCamelContext.java:461)
	at org.apache.camel.util.CamelContextHelper.getMandatoryEndpoint(CamelContextHelper.java:48)
	at org.apache.camel.model.RouteDefinition.resolveEndpoint(RouteDefinition.java:183)
	at org.apache.camel.impl.DefaultRouteContext.resolveEndpoint(DefaultRouteContext.java:107)
	at org.apache.camel.impl.DefaultRouteContext.resolveEndpoint(DefaultRouteContext.java:113)
	at org.apache.camel.model.SendDefinition.resolveEndpoint(SendDefinition.java:61)
	at org.apache.camel.model.SendDefinition.createProcessor(SendDefinition.java:55)
	at org.apache.camel.model.ProcessorDefinition.makeProcessor(ProcessorDefinition.java:440)
	at org.apache.camel.model.ProcessorDefinition.addRoutes(ProcessorDefinition.java:178)
	at org.apache.camel.model.RouteDefinition.addRoutes(RouteDefinition.java:852)
	... 16 more
2012-09-06 17:36:37,009 [pool-5-thread-1] ERROR StackTrace  - Full Stack Trace:
org.apache.camel.FailedToCreateRouteException: Failed to create route route1 at: >>> To[websocket:chat?sendToAll=true] <<< in route: Route[[From[seda:inboundChat]] -> [To[websocket:chat?sendToA... because of Failed to resolve endpoint: websocket://chat?sendToAll=true due to: No component found with scheme: websocket
	at org.apache.camel.model.RouteDefinition.addRoutes(RouteDefinition.java:855)
	at org.apache.camel.model.RouteDefinition.addRoutes(RouteDefinition.java:168)
	at org.apache.camel.impl.DefaultCamelContext.startRoute(DefaultCamelContext.java:709)
	at org.apache.camel.impl.DefaultCamelContext.startRouteDefinitions(DefaultCamelContext.java:1733)
	at org.apache.camel.impl.DefaultCamelContext.doStartCamel(DefaultCamelContext.java:1525)
	at org.apache.camel.impl.DefaultCamelContext.doStart(DefaultCamelContext.java:1420)
	at org.apache.camel.spring.SpringCamelContext.doStart(SpringCamelContext.java:179)
	at org.apache.camel.support.ServiceSupport.start(ServiceSupport.java:60)
	at org.apache.camel.impl.DefaultCamelContext.start(DefaultCamelContext.java:1388)
	at org.apache.camel.spring.SpringCamelContext.maybeStart(SpringCamelContext.java:228)
	at org.apache.camel.spring.SpringCamelContext.onApplicationEvent(SpringCamelContext.java:118)
	at org.apache.camel.spring.CamelContextFactoryBean.onApplicationEvent(CamelContextFactoryBean.java:240)
	at java.util.concurrent.FutureTask$Sync.innerRun(FutureTask.java:303)
	at java.util.concurrent.FutureTask.run(FutureTask.java:138)
	at java.util.concurrent.ThreadPoolExecutor$Worker.runTask(ThreadPoolExecutor.java:886)
	at java.util.concurrent.ThreadPoolExecutor$Worker.run(ThreadPoolExecutor.java:908)
	at java.lang.Thread.run(Thread.java:662)
Caused by: org.apache.camel.ResolveEndpointFailedException: Failed to resolve endpoint: websocket://chat?sendToAll=true due to: No component found with scheme: websocket
	at org.apache.camel.impl.DefaultCamelContext.getEndpoint(DefaultCamelContext.java:461)
	at org.apache.camel.util.CamelContextHelper.getMandatoryEndpoint(CamelContextHelper.java:48)
	at org.apache.camel.model.RouteDefinition.resolveEndpoint(RouteDefinition.java:183)
	at org.apache.camel.impl.DefaultRouteContext.resolveEndpoint(DefaultRouteContext.java:107)
	at org.apache.camel.impl.DefaultRouteContext.resolveEndpoint(DefaultRouteContext.java:113)
	at org.apache.camel.model.SendDefinition.resolveEndpoint(SendDefinition.java:61)
	at org.apache.camel.model.SendDefinition.createProcessor(SendDefinition.java:55)
	at org.apache.camel.model.ProcessorDefinition.makeProcessor(ProcessorDefinition.java:440)
	at org.apache.camel.model.ProcessorDefinition.addRoutes(ProcessorDefinition.java:178)
	at org.apache.camel.model.RouteDefinition.addRoutes(RouteDefinition.java:852)
	... 16 more
2012-09-06 17:36:37,009 [pool-5-thread-1] ERROR StackTrace  - Full Stack Trace:
org.apache.camel.ResolveEndpointFailedException: Failed to resolve endpoint: websocket://chat?sendToAll=true due to: No component found with scheme: websocket
	at org.apache.camel.impl.DefaultCamelContext.getEndpoint(DefaultCamelContext.java:461)
	at org.apache.camel.util.CamelContextHelper.getMandatoryEndpoint(CamelContextHelper.java:48)
	at org.apache.camel.model.RouteDefinition.resolveEndpoint(RouteDefinition.java:183)
	at org.apache.camel.impl.DefaultRouteContext.resolveEndpoint(DefaultRouteContext.java:107)
	at org.apache.camel.impl.DefaultRouteContext.resolveEndpoint(DefaultRouteContext.java:113)
	at org.apache.camel.model.SendDefinition.resolveEndpoint(SendDefinition.java:61)
	at org.apache.camel.model.SendDefinition.createProcessor(SendDefinition.java:55)
	at org.apache.camel.model.ProcessorDefinition.makeProcessor(ProcessorDefinition.java:440)
	at org.apache.camel.model.ProcessorDefinition.addRoutes(ProcessorDefinition.java:178)
	at org.apache.camel.model.RouteDefinition.addRoutes(RouteDefinition.java:852)
	at org.apache.camel.model.RouteDefinition.addRoutes(RouteDefinition.java:168)
	at org.apache.camel.impl.DefaultCamelContext.startRoute(DefaultCamelContext.java:709)
	at org.apache.camel.impl.DefaultCamelContext.startRouteDefinitions(DefaultCamelContext.java:1733)
	at org.apache.camel.impl.DefaultCamelContext.doStartCamel(DefaultCamelContext.java:1525)
	at org.apache.camel.impl.DefaultCamelContext.doStart(DefaultCamelContext.java:1420)
	at org.apache.camel.spring.SpringCamelContext.doStart(SpringCamelContext.java:179)
	at org.apache.camel.support.ServiceSupport.start(ServiceSupport.java:60)
	at org.apache.camel.impl.DefaultCamelContext.start(DefaultCamelContext.java:1388)
	at org.apache.camel.spring.SpringCamelContext.maybeStart(SpringCamelContext.java:228)
	at org.apache.camel.spring.SpringCamelContext.onApplicationEvent(SpringCamelContext.java:118)
	at org.apache.camel.spring.CamelContextFactoryBean.onApplicationEvent(CamelContextFactoryBean.java:240)
	at java.util.concurrent.FutureTask$Sync.innerRun(FutureTask.java:303)
	at java.util.concurrent.FutureTask.run(FutureTask.java:138)
	at java.util.concurrent.ThreadPoolExecutor$Worker.runTask(ThreadPoolExecutor.java:886)
	at java.util.concurrent.ThreadPoolExecutor$Worker.run(ThreadPoolExecutor.java:908)
	at java.lang.Thread.run(Thread.java:662)
2012-09-06 17:36:37,010 [pool-5-thread-1] ERROR StackTrace  - Full Stack Trace:
org.apache.camel.RuntimeCamelException: org.apache.camel.FailedToCreateRouteException: Failed to create route route1 at: >>> To[websocket:chat?sendToAll=true] <<< in route: Route[[From[seda:inboundChat]] -> [To[websocket:chat?sendToA... because of Failed to resolve endpoint: websocket://chat?sendToAll=true due to: No component found with scheme: websocket
	at org.apache.camel.util.ObjectHelper.wrapRuntimeCamelException(ObjectHelper.java:1221)
	at org.apache.camel.spring.SpringCamelContext.onApplicationEvent(SpringCamelContext.java:120)
	at org.apache.camel.spring.CamelContextFactoryBean.onApplicationEvent(CamelContextFactoryBean.java:240)
	at java.util.concurrent.FutureTask$Sync.innerRun(FutureTask.java:303)
	at java.util.concurrent.FutureTask.run(FutureTask.java:138)
	at java.util.concurrent.ThreadPoolExecutor$Worker.runTask(ThreadPoolExecutor.java:886)
	at java.util.concurrent.ThreadPoolExecutor$Worker.run(ThreadPoolExecutor.java:908)
	at java.lang.Thread.run(Thread.java:662)
Caused by: org.apache.camel.FailedToCreateRouteException: Failed to create route route1 at: >>> To[websocket:chat?sendToAll=true] <<< in route: Route[[From[seda:inboundChat]] -> [To[websocket:chat?sendToA... because of Failed to resolve endpoint: websocket://chat?sendToAll=true due to: No component found with scheme: websocket
	at org.apache.camel.model.RouteDefinition.addRoutes(RouteDefinition.java:855)
	at org.apache.camel.model.RouteDefinition.addRoutes(RouteDefinition.java:168)
	at org.apache.camel.impl.DefaultCamelContext.startRoute(DefaultCamelContext.java:709)
	at org.apache.camel.impl.DefaultCamelContext.startRouteDefinitions(DefaultCamelContext.java:1733)
	at org.apache.camel.impl.DefaultCamelContext.doStartCamel(DefaultCamelContext.java:1525)
	at org.apache.camel.impl.DefaultCamelContext.doStart(DefaultCamelContext.java:1420)
	at org.apache.camel.spring.SpringCamelContext.doStart(SpringCamelContext.java:179)
	at org.apache.camel.support.ServiceSupport.start(ServiceSupport.java:60)
	at org.apache.camel.impl.DefaultCamelContext.start(DefaultCamelContext.java:1388)
	at org.apache.camel.spring.SpringCamelContext.maybeStart(SpringCamelContext.java:228)
	at org.apache.camel.spring.SpringCamelContext.onApplicationEvent(SpringCamelContext.java:118)
	... 6 more
Caused by: org.apache.camel.ResolveEndpointFailedException: Failed to resolve endpoint: websocket://chat?sendToAll=true due to: No component found with scheme: websocket
	at org.apache.camel.impl.DefaultCamelContext.getEndpoint(DefaultCamelContext.java:461)
	at org.apache.camel.util.CamelContextHelper.getMandatoryEndpoint(CamelContextHelper.java:48)
	at org.apache.camel.model.RouteDefinition.resolveEndpoint(RouteDefinition.java:183)
	at org.apache.camel.impl.DefaultRouteContext.resolveEndpoint(DefaultRouteContext.java:107)
	at org.apache.camel.impl.DefaultRouteContext.resolveEndpoint(DefaultRouteContext.java:113)
	at org.apache.camel.model.SendDefinition.resolveEndpoint(SendDefinition.java:61)
	at org.apache.camel.model.SendDefinition.createProcessor(SendDefinition.java:55)
	at org.apache.camel.model.ProcessorDefinition.makeProcessor(ProcessorDefinition.java:440)
	at org.apache.camel.model.ProcessorDefinition.addRoutes(ProcessorDefinition.java:178)
	at org.apache.camel.model.RouteDefinition.addRoutes(RouteDefinition.java:852)
	... 16 more
